<?xml version="1.0" encoding="UTF-8" ?>
<testsuite tests="4" failures="0" name="com.locallypanda.testcases.homepageTest" time="0.985" errors="0" skipped="0">
  <properties>
[...]
</properties>
  <testcase classname="com.locallypanda.testcases.homepageTest" name="testcheckTitle" time="0.056"/>
  <testcase classname="com.locallypanda.testcases.homepageTest" name="testEmailField" time="0.039"/>
  <testcase classname="com.locallypanda.testcases.homepageTest" name="testPasswordField" time="0.022"/>
  <testcase classname="com.locallypanda.testcases.homepageTest" name="testSignButton" time="0.868"/>
</testsuite>