<?xml version="1.0" encoding="UTF-8"?>
<!-- Generated by org.testng.reporters.JUnitXMLReporter -->
<testsuite ignored="0" hostname="DESKTOP-0FC8C65" failures="0" tests="4" name="Command line test" time="12.764" errors="0" timestamp="2022-11-09T19:53:19 CST">
  <testcase classname="com.locallypanda.testcases.homepageTest" name="testcheckTitle" time="0.053"/>
  <testcase classname="com.locallypanda.testcases.homepageTest" name="testEmailField" time="0.039"/>
  <testcase classname="com.locallypanda.testcases.homepageTest" name="testPasswordField" time="0.021"/>
  <testcase classname="com.locallypanda.testcases.homepageTest" name="testSignButton" time="0.867"/>
</testsuite> <!-- Command line test -->
